0 info it worked if it ends with ok
1 verbose cli [ '/Users/jefflau/.nvm/v4.4.3/bin/node',
1 verbose cli   '/Users/jefflau/.nvm/v4.4.3/bin/npm',
1 verbose cli   'run',
1 verbose cli   'build' ]
2 info using npm@3.10.5
3 info using node@v4.4.3
4 verbose config Skipping project config: /Users/jefflau/.npmrc. (matches userconfig)
5 verbose stack Error: ENOENT: no such file or directory, open '/Users/jefflau/package.json'
5 verbose stack     at Error (native)
6 verbose cwd /Users/jefflau/Projects/anime-drop
7 error Darwin 15.6.0
8 error argv "/Users/jefflau/.nvm/v4.4.3/bin/node" "/Users/jefflau/.nvm/v4.4.3/bin/npm" "run" "build"
9 error node v4.4.3
10 error npm  v3.10.5
11 error path /Users/jefflau/package.json
12 error code ENOENT
13 error errno -2
14 error syscall open
15 error enoent ENOENT: no such file or directory, open '/Users/jefflau/package.json'
16 error enoent ENOENT: no such file or directory, open '/Users/jefflau/package.json'
16 error enoent This is most likely not a problem with npm itself
16 error enoent and is related to npm not being able to find a file.
17 verbose exit [ -2, true ]
